<?xml version="1.0" encoding="UTF-8"?>
<testng-results ignored="0" total="1" passed="1" failed="0" skipped="0">
  <reporter-output>
  </reporter-output>
  <suite started-at="2024-07-08T19:59:20 IST" name="Default suite" finished-at="2024-07-08T19:59:34 IST" duration-ms="14153">
    <groups>
    </groups>
    <test started-at="2024-07-08T19:59:20 IST" name="Default test" finished-at="2024-07-08T19:59:34 IST" duration-ms="14153">
      <class name="testMfa.LockAuthentication">
        <test-method signature="test1()[pri:0, instance:testMfa.LockAuthentication@2f9f7dcf]" started-at="2024-07-08T19:59:20 IST" name="test1" finished-at="2024-07-08T19:59:34 IST" duration-ms="14090" status="PASS">
          <reporter-output>
          </reporter-output>
        </test-method> <!-- test1 -->
      </class> <!-- testMfa.LockAuthentication -->
    </test> <!-- Default test -->
  </suite> <!-- Default suite -->
</testng-results>
